17:21:42.868 INFO - Launching a standalone Selenium Server
17:21:43.073 INFO - Java: Oracle Corporation 25.171-b11
17:21:43.073 INFO - OS: Windows 7 6.1 amd64
17:21:43.104 INFO - v2.53.1, with Core v2.53.1. Built from revision a36b8b1
17:21:43.292 INFO - Driver class not found: com.opera.core.systems.OperaDriver
17:21:43.292 INFO - Driver provider com.opera.core.systems.OperaDriver is not registered
17:21:43.307 INFO - Driver provider org.openqa.selenium.safari.SafariDriver registration is skipped:
registration capabilities Capabilities [{browserName=safari, version=, platform=MAC}] does not match the current platform VISTA
17:21:43.307 INFO - Driver class not found: org.openqa.selenium.htmlunit.HtmlUnitDriver
17:21:43.307 INFO - Driver provider org.openqa.selenium.htmlunit.HtmlUnitDriver is not registered
17:21:43.641 INFO - RemoteWebDriver instances should connect to: http://127.0.0.1:4444/wd/hub
17:21:43.641 INFO - Selenium Server is up and running
17:21:44.684 INFO - Executing: [new session: Capabilities [{acceptSslCerts=true, browserName=chrome, javascriptEnabled=true, platform=ANY}]])
17:21:44.731 INFO - Creating a new session for Capabilities [{acceptSslCerts=true, browserName=chrome, javascriptEnabled=true, platform=ANY}]
Starting ChromeDriver 2.37.544315 (730aa6a5fdba159ac9f4c1e8cbc59bf1b5ce12b7) on port 14816
Only local connections are allowed.
17:21:48.667 INFO - Done: [new session: Capabilities [{acceptSslCerts=true, browserName=chrome, javascriptEnabled=true, platform=ANY}]]
17:21:48.698 INFO - Executing: [delete all cookies])
17:21:48.722 INFO - Done: [delete all cookies]
17:21:48.738 INFO - Executing: [maximise window])
17:21:48.958 INFO - Done: [maximise window]
17:21:48.973 INFO - Executing: [get: https://www.annauniv.edu/])
17:21:56.129 INFO - Done: [get: https://www.annauniv.edu/]
17:21:56.165 INFO - Executing: [find elements: By.cssSelector: body])
17:21:56.265 INFO - Done: [find elements: By.cssSelector: body]
17:21:56.295 INFO - Executing: [is displayed: 0 [[ChromeDriver: chrome on XP (301f7c2a39007b49192c1c9504a4c2f0)] -> css selector: body]])
17:21:56.356 INFO - Done: [is displayed: 0 [[ChromeDriver: chrome on XP (301f7c2a39007b49192c1c9504a4c2f0)] -> css selector: body]]
17:21:56.414 INFO - Executing: [find element: By.cssSelector: body])
17:21:56.467 INFO - Done: [find element: By.cssSelector: body]
17:21:56.485 INFO - Executing: [find child element: 0 [[ChromeDriver: chrome on XP (301f7c2a39007b49192c1c9504a4c2f0)] -> css selector: body], By.xpath: /html/body/table/tbody/tr[1]/td[1]/table/tbody/tr/td[1]/table/tbody/tr/td/table/tbody/tr/td[5]/div/a])
17:21:56.559 INFO - Done: [find child element: 0 [[ChromeDriver: chrome on XP (301f7c2a39007b49192c1c9504a4c2f0)] -> css selector: body], By.xpath: /html/body/table/tbody/tr[1]/td[1]/table/tbody/tr/td[1]/table/tbody/tr/td/table/tbody/tr/td[5]/div/a]
17:21:56.574 INFO - Executing: [click: 1 [[[[ChromeDriver: chrome on XP (301f7c2a39007b49192c1c9504a4c2f0)] -> css selector: body]] -> xpath: /html/body/table/tbody/tr[1]/td[1]/table/tbody/tr/td[1]/table/tbody/tr/td/table/tbody/tr/td[5]/div/a]])
17:21:59.715 INFO - Done: [click: 1 [[[[ChromeDriver: chrome on XP (301f7c2a39007b49192c1c9504a4c2f0)] -> css selector: body]] -> xpath: /html/body/table/tbody/tr[1]/td[1]/table/tbody/tr/td[1]/table/tbody/tr/td/table/tbody/tr/td[5]/div/a]]
17:22:01.738 INFO - Executing: [get title])
17:22:01.784 INFO - Done: [get title]
17:22:02.828 INFO - Executing: [find element: By.cssSelector: body])
17:22:02.860 INFO - Done: [find element: By.cssSelector: body]
17:22:02.875 INFO - Executing: [find child element: 2 [[ChromeDriver: chrome on XP (301f7c2a39007b49192c1c9504a4c2f0)] -> css selector: body], By.cssSelector: a[name=link13]])
17:22:02.922 INFO - Done: [find child element: 2 [[ChromeDriver: chrome on XP (301f7c2a39007b49192c1c9504a4c2f0)] -> css selector: body], By.cssSelector: a[name=link13]]
17:22:02.938 INFO - Executing: [mousemove: 3 true])
17:22:03.000 INFO - Done: [mousemove: 3 true]
17:22:03.015 INFO - Executing: [find element: By.cssSelector: body])
17:22:03.042 INFO - Done: [find element: By.cssSelector: body]
17:22:03.060 INFO - Executing: [find child element: 2 [[ChromeDriver: chrome on XP (301f7c2a39007b49192c1c9504a4c2f0)] -> css selector: body], By.cssSelector: #menuItemHilite33])
17:22:03.107 INFO - Done: [find child element: 2 [[ChromeDriver: chrome on XP (301f7c2a39007b49192c1c9504a4c2f0)] -> css selector: body], By.cssSelector: #menuItemHilite33]
17:22:03.122 INFO - Executing: [mousemove: 4 true])
17:22:03.170 INFO - Done: [mousemove: 4 true]
17:22:03.188 INFO - Executing: [find element: By.cssSelector: body])
17:22:03.213 INFO - Done: [find element: By.cssSelector: body]
17:22:03.223 INFO - Executing: [find child element: 2 [[ChromeDriver: chrome on XP (301f7c2a39007b49192c1c9504a4c2f0)] -> css selector: body], By.cssSelector: #menuItemHilite33])
17:22:03.258 INFO - Done: [find child element: 2 [[ChromeDriver: chrome on XP (301f7c2a39007b49192c1c9504a4c2f0)] -> css selector: body], By.cssSelector: #menuItemHilite33]
17:22:03.258 INFO - Executing: [click: 4 [[[[ChromeDriver: chrome on XP (301f7c2a39007b49192c1c9504a4c2f0)] -> css selector: body]] -> css selector: #menuItemHilite33]])
17:22:08.303 INFO - Done: [click: 4 [[[[ChromeDriver: chrome on XP (301f7c2a39007b49192c1c9504a4c2f0)] -> css selector: body]] -> css selector: #menuItemHilite33]]
17:22:11.339 INFO - Executing: [get title])
17:22:11.371 INFO - Done: [get title]
17:22:11.417 INFO - Executing: [find element: By.cssSelector: body])
17:22:11.464 INFO - Done: [find element: By.cssSelector: body]
17:22:11.464 INFO - Executing: [find child element: 5 [[ChromeDriver: chrome on XP (301f7c2a39007b49192c1c9504a4c2f0)] -> css selector: body], By.cssSelector: #link3])
17:22:11.511 INFO - Done: [find child element: 5 [[ChromeDriver: chrome on XP (301f7c2a39007b49192c1c9504a4c2f0)] -> css selector: body], By.cssSelector: #link3]
17:22:11.527 INFO - Executing: [mousemove: 6 true])
17:22:11.578 INFO - Done: [mousemove: 6 true]
17:22:11.591 INFO - Executing: [find element: By.cssSelector: body])
17:22:11.641 INFO - Done: [find element: By.cssSelector: body]
17:22:11.641 INFO - Executing: [find child element: 5 [[ChromeDriver: chrome on XP (301f7c2a39007b49192c1c9504a4c2f0)] -> css selector: body], By.cssSelector: #menuItemHilite13])
17:22:11.688 INFO - Done: [find child element: 5 [[ChromeDriver: chrome on XP (301f7c2a39007b49192c1c9504a4c2f0)] -> css selector: body], By.cssSelector: #menuItemHilite13]
17:22:11.704 INFO - Executing: [mousemove: 7 true])
17:22:11.753 INFO - Done: [mousemove: 7 true]
17:22:11.763 INFO - Executing: [find element: By.cssSelector: body])
17:22:11.804 INFO - Done: [find element: By.cssSelector: body]
17:22:11.828 INFO - Executing: [find child element: 5 [[ChromeDriver: chrome on XP (301f7c2a39007b49192c1c9504a4c2f0)] -> css selector: body], By.cssSelector: #menuItemHilite13])
17:22:11.851 INFO - Done: [find child element: 5 [[ChromeDriver: chrome on XP (301f7c2a39007b49192c1c9504a4c2f0)] -> css selector: body], By.cssSelector: #menuItemHilite13]
17:22:11.876 INFO - Executing: [click: 7 [[[[ChromeDriver: chrome on XP (301f7c2a39007b49192c1c9504a4c2f0)] -> css selector: body]] -> css selector: #menuItemHilite13]])
17:22:18.592 INFO - Done: [click: 7 [[[[ChromeDriver: chrome on XP (301f7c2a39007b49192c1c9504a4c2f0)] -> css selector: body]] -> css selector: #menuItemHilite13]]
17:22:21.604 INFO - Executing: [get title])
17:22:21.621 INFO - Done: [get title]
17:22:21.637 INFO - Executing: [execute script: window.open(''), []])
17:22:21.820 INFO - Done: [execute script: window.open(''), []]
17:22:24.847 INFO - Executing: [get window handles])
17:22:24.878 INFO - Done: [get window handles]
17:22:24.893 INFO - Executing: [switch to window: CDwindow-0BDD111E113A48C125A9F23066ABFE24])
17:22:24.925 INFO - Done: [switch to window: CDwindow-0BDD111E113A48C125A9F23066ABFE24]
17:22:27.937 INFO - Executing: [close window])
17:22:28.030 INFO - Done: [close window]
17:22:28.067 INFO - Executing: [switch to window: CDwindow-EB1CB5FCD645B80984A0FA846ABB5421])
17:22:28.083 INFO - Done: [switch to window: CDwindow-EB1CB5FCD645B80984A0FA846ABB5421]
17:22:28.162 INFO - Executing: [delete session: 390f503c-7a9f-4664-89d9-2b8d75324dd3])
17:22:30.201 INFO - Done: [delete session: 390f503c-7a9f-4664-89d9-2b8d75324dd3]
